2025-07-23T05:58:25: TypeError: Missing parameter name at 1: https://git.new/pathToRegexpError
2025-07-23T05:58:25:     at name (/home/shawnstorie/sprkz-ng/sprkz/node_modules/path-to-regexp/dist/index.js:73:19)
2025-07-23T05:58:25:     at lexer (/home/shawnstorie/sprkz-ng/sprkz/node_modules/path-to-regexp/dist/index.js:91:27)
2025-07-23T05:58:25:     at lexer.next (<anonymous>)
2025-07-23T05:58:25:     at Iter.peek (/home/shawnstorie/sprkz-ng/sprkz/node_modules/path-to-regexp/dist/index.js:106:38)
2025-07-23T05:58:25:     at Iter.tryConsume (/home/shawnstorie/sprkz-ng/sprkz/node_modules/path-to-regexp/dist/index.js:112:28)
2025-07-23T05:58:25:     at Iter.text (/home/shawnstorie/sprkz-ng/sprkz/node_modules/path-to-regexp/dist/index.js:128:30)
2025-07-23T05:58:25:     at consume (/home/shawnstorie/sprkz-ng/sprkz/node_modules/path-to-regexp/dist/index.js:152:29)
2025-07-23T05:58:25:     at parse (/home/shawnstorie/sprkz-ng/sprkz/node_modules/path-to-regexp/dist/index.js:183:20)
2025-07-23T05:58:25:     at /home/shawnstorie/sprkz-ng/sprkz/node_modules/path-to-regexp/dist/index.js:294:74
2025-07-23T05:58:25:     at Array.map (<anonymous>)
2025-07-23T05:58:28: TypeError: Missing parameter name at 1: https://git.new/pathToRegexpError
2025-07-23T05:58:28:     at name (/home/shawnstorie/sprkz-ng/sprkz/node_modules/path-to-regexp/dist/index.js:73:19)
2025-07-23T05:58:28:     at lexer (/home/shawnstorie/sprkz-ng/sprkz/node_modules/path-to-regexp/dist/index.js:91:27)
2025-07-23T05:58:28:     at lexer.next (<anonymous>)
2025-07-23T05:58:28:     at Iter.peek (/home/shawnstorie/sprkz-ng/sprkz/node_modules/path-to-regexp/dist/index.js:106:38)
2025-07-23T05:58:28:     at Iter.tryConsume (/home/shawnstorie/sprkz-ng/sprkz/node_modules/path-to-regexp/dist/index.js:112:28)
2025-07-23T05:58:28:     at Iter.text (/home/shawnstorie/sprkz-ng/sprkz/node_modules/path-to-regexp/dist/index.js:128:30)
2025-07-23T05:58:28:     at consume (/home/shawnstorie/sprkz-ng/sprkz/node_modules/path-to-regexp/dist/index.js:152:29)
2025-07-23T05:58:28:     at parse (/home/shawnstorie/sprkz-ng/sprkz/node_modules/path-to-regexp/dist/index.js:183:20)
2025-07-23T05:58:28:     at /home/shawnstorie/sprkz-ng/sprkz/node_modules/path-to-regexp/dist/index.js:294:74
2025-07-23T05:58:28:     at Array.map (<anonymous>)
2025-07-23T05:58:32: TypeError: Missing parameter name at 1: https://git.new/pathToRegexpError
2025-07-23T05:58:32:     at name (/home/shawnstorie/sprkz-ng/sprkz/node_modules/path-to-regexp/dist/index.js:73:19)
2025-07-23T05:58:32:     at lexer (/home/shawnstorie/sprkz-ng/sprkz/node_modules/path-to-regexp/dist/index.js:91:27)
2025-07-23T05:58:32:     at lexer.next (<anonymous>)
2025-07-23T05:58:32:     at Iter.peek (/home/shawnstorie/sprkz-ng/sprkz/node_modules/path-to-regexp/dist/index.js:106:38)
2025-07-23T05:58:32:     at Iter.tryConsume (/home/shawnstorie/sprkz-ng/sprkz/node_modules/path-to-regexp/dist/index.js:112:28)
2025-07-23T05:58:32:     at Iter.text (/home/shawnstorie/sprkz-ng/sprkz/node_modules/path-to-regexp/dist/index.js:128:30)
2025-07-23T05:58:32:     at consume (/home/shawnstorie/sprkz-ng/sprkz/node_modules/path-to-regexp/dist/index.js:152:29)
2025-07-23T05:58:32:     at parse (/home/shawnstorie/sprkz-ng/sprkz/node_modules/path-to-regexp/dist/index.js:183:20)
2025-07-23T05:58:32:     at /home/shawnstorie/sprkz-ng/sprkz/node_modules/path-to-regexp/dist/index.js:294:74
2025-07-23T05:58:32:     at Array.map (<anonymous>)
2025-07-23T05:58:36: TypeError: Missing parameter name at 1: https://git.new/pathToRegexpError
2025-07-23T05:58:36:     at name (/home/shawnstorie/sprkz-ng/sprkz/node_modules/path-to-regexp/dist/index.js:73:19)
2025-07-23T05:58:36:     at lexer (/home/shawnstorie/sprkz-ng/sprkz/node_modules/path-to-regexp/dist/index.js:91:27)
2025-07-23T05:58:36:     at lexer.next (<anonymous>)
2025-07-23T05:58:36:     at Iter.peek (/home/shawnstorie/sprkz-ng/sprkz/node_modules/path-to-regexp/dist/index.js:106:38)
2025-07-23T05:58:36:     at Iter.tryConsume (/home/shawnstorie/sprkz-ng/sprkz/node_modules/path-to-regexp/dist/index.js:112:28)
2025-07-23T05:58:36:     at Iter.text (/home/shawnstorie/sprkz-ng/sprkz/node_modules/path-to-regexp/dist/index.js:128:30)
2025-07-23T05:58:36:     at consume (/home/shawnstorie/sprkz-ng/sprkz/node_modules/path-to-regexp/dist/index.js:152:29)
2025-07-23T05:58:36:     at parse (/home/shawnstorie/sprkz-ng/sprkz/node_modules/path-to-regexp/dist/index.js:183:20)
2025-07-23T05:58:36:     at /home/shawnstorie/sprkz-ng/sprkz/node_modules/path-to-regexp/dist/index.js:294:74
2025-07-23T05:58:36:     at Array.map (<anonymous>)
2025-07-23T05:58:41: TypeError: Missing parameter name at 1: https://git.new/pathToRegexpError
2025-07-23T05:58:41:     at name (/home/shawnstorie/sprkz-ng/sprkz/node_modules/path-to-regexp/dist/index.js:73:19)
2025-07-23T05:58:41:     at lexer (/home/shawnstorie/sprkz-ng/sprkz/node_modules/path-to-regexp/dist/index.js:91:27)
2025-07-23T05:58:41:     at lexer.next (<anonymous>)
2025-07-23T05:58:41:     at Iter.peek (/home/shawnstorie/sprkz-ng/sprkz/node_modules/path-to-regexp/dist/index.js:106:38)
2025-07-23T05:58:41:     at Iter.tryConsume (/home/shawnstorie/sprkz-ng/sprkz/node_modules/path-to-regexp/dist/index.js:112:28)
2025-07-23T05:58:41:     at Iter.text (/home/shawnstorie/sprkz-ng/sprkz/node_modules/path-to-regexp/dist/index.js:128:30)
2025-07-23T05:58:41:     at consume (/home/shawnstorie/sprkz-ng/sprkz/node_modules/path-to-regexp/dist/index.js:152:29)
2025-07-23T05:58:41:     at parse (/home/shawnstorie/sprkz-ng/sprkz/node_modules/path-to-regexp/dist/index.js:183:20)
2025-07-23T05:58:41:     at /home/shawnstorie/sprkz-ng/sprkz/node_modules/path-to-regexp/dist/index.js:294:74
2025-07-23T05:58:41:     at Array.map (<anonymous>)
2025-07-23T05:58:46: TypeError: Missing parameter name at 1: https://git.new/pathToRegexpError
2025-07-23T05:58:46:     at name (/home/shawnstorie/sprkz-ng/sprkz/node_modules/path-to-regexp/dist/index.js:73:19)
2025-07-23T05:58:46:     at lexer (/home/shawnstorie/sprkz-ng/sprkz/node_modules/path-to-regexp/dist/index.js:91:27)
2025-07-23T05:58:46:     at lexer.next (<anonymous>)
2025-07-23T05:58:46:     at Iter.peek (/home/shawnstorie/sprkz-ng/sprkz/node_modules/path-to-regexp/dist/index.js:106:38)
2025-07-23T05:58:46:     at Iter.tryConsume (/home/shawnstorie/sprkz-ng/sprkz/node_modules/path-to-regexp/dist/index.js:112:28)
2025-07-23T05:58:46:     at Iter.text (/home/shawnstorie/sprkz-ng/sprkz/node_modules/path-to-regexp/dist/index.js:128:30)
2025-07-23T05:58:46:     at consume (/home/shawnstorie/sprkz-ng/sprkz/node_modules/path-to-regexp/dist/index.js:152:29)
2025-07-23T05:58:46:     at parse (/home/shawnstorie/sprkz-ng/sprkz/node_modules/path-to-regexp/dist/index.js:183:20)
2025-07-23T05:58:46:     at /home/shawnstorie/sprkz-ng/sprkz/node_modules/path-to-regexp/dist/index.js:294:74
2025-07-23T05:58:46:     at Array.map (<anonymous>)
2025-07-23T05:58:49: TypeError: Missing parameter name at 1: https://git.new/pathToRegexpError
2025-07-23T05:58:49:     at name (/home/shawnstorie/sprkz-ng/sprkz/node_modules/path-to-regexp/dist/index.js:73:19)
2025-07-23T05:58:49:     at lexer (/home/shawnstorie/sprkz-ng/sprkz/node_modules/path-to-regexp/dist/index.js:91:27)
2025-07-23T05:58:49:     at lexer.next (<anonymous>)
2025-07-23T05:58:49:     at Iter.peek (/home/shawnstorie/sprkz-ng/sprkz/node_modules/path-to-regexp/dist/index.js:106:38)
2025-07-23T05:58:49:     at Iter.tryConsume (/home/shawnstorie/sprkz-ng/sprkz/node_modules/path-to-regexp/dist/index.js:112:28)
2025-07-23T05:58:49:     at Iter.text (/home/shawnstorie/sprkz-ng/sprkz/node_modules/path-to-regexp/dist/index.js:128:30)
2025-07-23T05:58:49:     at consume (/home/shawnstorie/sprkz-ng/sprkz/node_modules/path-to-regexp/dist/index.js:152:29)
2025-07-23T05:58:49:     at parse (/home/shawnstorie/sprkz-ng/sprkz/node_modules/path-to-regexp/dist/index.js:183:20)
2025-07-23T05:58:49:     at /home/shawnstorie/sprkz-ng/sprkz/node_modules/path-to-regexp/dist/index.js:294:74
2025-07-23T05:58:49:     at Array.map (<anonymous>)
2025-07-23T05:58:52: TypeError: Missing parameter name at 1: https://git.new/pathToRegexpError
2025-07-23T05:58:52:     at name (/home/shawnstorie/sprkz-ng/sprkz/node_modules/path-to-regexp/dist/index.js:73:19)
2025-07-23T05:58:52:     at lexer (/home/shawnstorie/sprkz-ng/sprkz/node_modules/path-to-regexp/dist/index.js:91:27)
2025-07-23T05:58:52:     at lexer.next (<anonymous>)
2025-07-23T05:58:52:     at Iter.peek (/home/shawnstorie/sprkz-ng/sprkz/node_modules/path-to-regexp/dist/index.js:106:38)
2025-07-23T05:58:52:     at Iter.tryConsume (/home/shawnstorie/sprkz-ng/sprkz/node_modules/path-to-regexp/dist/index.js:112:28)
2025-07-23T05:58:52:     at Iter.text (/home/shawnstorie/sprkz-ng/sprkz/node_modules/path-to-regexp/dist/index.js:128:30)
2025-07-23T05:58:52:     at consume (/home/shawnstorie/sprkz-ng/sprkz/node_modules/path-to-regexp/dist/index.js:152:29)
2025-07-23T05:58:52:     at parse (/home/shawnstorie/sprkz-ng/sprkz/node_modules/path-to-regexp/dist/index.js:183:20)
2025-07-23T05:58:52:     at /home/shawnstorie/sprkz-ng/sprkz/node_modules/path-to-regexp/dist/index.js:294:74
2025-07-23T05:58:52:     at Array.map (<anonymous>)
2025-07-23T05:58:56: TypeError: Missing parameter name at 1: https://git.new/pathToRegexpError
2025-07-23T05:58:56:     at name (/home/shawnstorie/sprkz-ng/sprkz/node_modules/path-to-regexp/dist/index.js:73:19)
2025-07-23T05:58:56:     at lexer (/home/shawnstorie/sprkz-ng/sprkz/node_modules/path-to-regexp/dist/index.js:91:27)
2025-07-23T05:58:56:     at lexer.next (<anonymous>)
2025-07-23T05:58:56:     at Iter.peek (/home/shawnstorie/sprkz-ng/sprkz/node_modules/path-to-regexp/dist/index.js:106:38)
2025-07-23T05:58:56:     at Iter.tryConsume (/home/shawnstorie/sprkz-ng/sprkz/node_modules/path-to-regexp/dist/index.js:112:28)
2025-07-23T05:58:56:     at Iter.text (/home/shawnstorie/sprkz-ng/sprkz/node_modules/path-to-regexp/dist/index.js:128:30)
2025-07-23T05:58:56:     at consume (/home/shawnstorie/sprkz-ng/sprkz/node_modules/path-to-regexp/dist/index.js:152:29)
2025-07-23T05:58:56:     at parse (/home/shawnstorie/sprkz-ng/sprkz/node_modules/path-to-regexp/dist/index.js:183:20)
2025-07-23T05:58:56:     at /home/shawnstorie/sprkz-ng/sprkz/node_modules/path-to-regexp/dist/index.js:294:74
2025-07-23T05:58:56:     at Array.map (<anonymous>)
2025-07-23T05:58:59: TypeError: Missing parameter name at 1: https://git.new/pathToRegexpError
2025-07-23T05:58:59:     at name (/home/shawnstorie/sprkz-ng/sprkz/node_modules/path-to-regexp/dist/index.js:73:19)
2025-07-23T05:58:59:     at lexer (/home/shawnstorie/sprkz-ng/sprkz/node_modules/path-to-regexp/dist/index.js:91:27)
2025-07-23T05:58:59:     at lexer.next (<anonymous>)
2025-07-23T05:58:59:     at Iter.peek (/home/shawnstorie/sprkz-ng/sprkz/node_modules/path-to-regexp/dist/index.js:106:38)
2025-07-23T05:58:59:     at Iter.tryConsume (/home/shawnstorie/sprkz-ng/sprkz/node_modules/path-to-regexp/dist/index.js:112:28)
2025-07-23T05:58:59:     at Iter.text (/home/shawnstorie/sprkz-ng/sprkz/node_modules/path-to-regexp/dist/index.js:128:30)
2025-07-23T05:58:59:     at consume (/home/shawnstorie/sprkz-ng/sprkz/node_modules/path-to-regexp/dist/index.js:152:29)
2025-07-23T05:58:59:     at parse (/home/shawnstorie/sprkz-ng/sprkz/node_modules/path-to-regexp/dist/index.js:183:20)
2025-07-23T05:58:59:     at /home/shawnstorie/sprkz-ng/sprkz/node_modules/path-to-regexp/dist/index.js:294:74
2025-07-23T05:58:59:     at Array.map (<anonymous>)
