2025-07-23T00:00:00: (node:1514376) [DEP_WEBPACK_DEV_SERVER_ON_AFTER_SETUP_MIDDLEWARE] DeprecationWarning: 'onAfterSetupMiddleware' option is deprecated. Please use the 'setupMiddlewares' option.
2025-07-23T00:00:00: (Use `node-18 --trace-deprecation ...` to show where the warning was created)
2025-07-23T00:00:00: (node:1514376) [DEP_WEBPACK_DEV_SERVER_ON_BEFORE_SETUP_MIDDLEWARE] DeprecationWarning: 'onBeforeSetupMiddleware' option is deprecated. Please use the 'setupMiddlewares' option.
2025-07-23T00:07:09: ERROR in src/components/pdf/PDFFormContainer.tsx:34:5
2025-07-23T00:07:09: TS6133: 'setFormFields' is declared but its value is never read.
2025-07-23T00:07:09:     32 |     setCurrentField,
2025-07-23T00:07:09:     33 |     setCurrentPage: setFormCurrentPage,
2025-07-23T00:07:09:   > 34 |     setFormFields,
2025-07-23T00:07:09:        |     ^^^^^^^^^^^^^
2025-07-23T00:07:09:     35 |     state: { formData, validationErrors, currentFieldId, wizard },
2025-07-23T00:07:09:     36 |   } = useForm();
2025-07-23T00:07:09:     37 |
2025-07-23T00:07:09: 
2025-07-23T00:10:26: ERROR in src/components/pdf/PDFFormContainer.tsx:28:10
2025-07-23T00:10:26: TS6133: 'fieldsAlreadySet' is declared but its value is never read.
2025-07-23T00:10:26:     26 |   const [error, setError] = useState<string | null>(null);
2025-07-23T00:10:26:     27 |   const [showFieldNames, setShowFieldNames] = useState<boolean>(false);
2025-07-23T00:10:26:   > 28 |   const [fieldsAlreadySet, setFieldsAlreadySet] = useState<boolean>(false);
2025-07-23T00:10:26:        |          ^^^^^^^^^^^^^^^^
2025-07-23T00:10:26:     29 |
2025-07-23T00:10:26:     30 |   // Use form context
2025-07-23T00:10:26:     31 |   const {
2025-07-23T00:10:26: 
2025-07-23T00:10:26: ERROR in src/components/pdf/PDFFormContainer.tsx:28:28
2025-07-23T00:10:26: TS6133: 'setFieldsAlreadySet' is declared but its value is never read.
2025-07-23T00:10:26:     26 |   const [error, setError] = useState<string | null>(null);
2025-07-23T00:10:26:     27 |   const [showFieldNames, setShowFieldNames] = useState<boolean>(false);
2025-07-23T00:10:26:   > 28 |   const [fieldsAlreadySet, setFieldsAlreadySet] = useState<boolean>(false);
2025-07-23T00:10:26:        |                            ^^^^^^^^^^^^^^^^^^^
2025-07-23T00:10:26:     29 |
2025-07-23T00:10:26:     30 |   // Use form context
2025-07-23T00:10:26:     31 |   const {
2025-07-23T00:10:26: 
2025-07-23T00:18:59: ERROR in src/hooks/useFieldFocus.ts:50:11
2025-07-23T00:18:59: TS6133: 'successSelector' is declared but its value is never read.
2025-07-23T00:18:59:     48 |       
2025-07-23T00:18:59:     49 |       let fieldElement: HTMLElement | null = null;
2025-07-23T00:18:59:   > 50 |       let successSelector = '';
2025-07-23T00:18:59:        |           ^^^^^^^^^^^^^^^
2025-07-23T00:18:59:     51 |       
2025-07-23T00:18:59:     52 |       // Try each selector until we find the element
2025-07-23T00:18:59:     53 |       for (const selector of selectors) {
2025-07-23T00:18:59: 
2025-07-23T00:18:59: ERROR in src/hooks/useFieldFocus.ts:70:13
2025-07-23T00:18:59: TS2322: Type '"smooth" | "instant"' is not assignable to type 'ScrollBehavior | undefined'.
2025-07-23T00:18:59:   Type '"instant"' is not assignable to type 'ScrollBehavior | undefined'.
2025-07-23T00:18:59:     68 |         try {
2025-07-23T00:18:59:     69 |           fieldElement.scrollIntoView({
2025-07-23T00:18:59:   > 70 |             behavior,
2025-07-23T00:18:59:        |             ^^^^^^^^
2025-07-23T00:18:59:     71 |             block,
2025-07-23T00:18:59:     72 |             inline
2025-07-23T00:18:59:     73 |           });
2025-07-23T00:18:59: 
2025-07-23T00:19:06: ERROR in src/contexts/FormContext.tsx:14:1
2025-07-23T00:19:06: TS6133: 'useFieldFocus' is declared but its value is never read.
2025-07-23T00:19:06:     12 | } from '../services/formFieldService';
2025-07-23T00:19:06:     13 | import { formFieldService } from '../services/formFieldService';
2025-07-23T00:19:06:   > 14 | import { useFieldFocus } from '../hooks/useFieldFocus';
2025-07-23T00:19:06:        | ^^^^^^^^^^^^^^^^^^^^^^^^^^^^^^^^^^^^^^^^^^^^^^^^^^^^^^^
2025-07-23T00:19:06:     15 |
2025-07-23T00:19:06:     16 | // Wizard State Interface
2025-07-23T00:19:06:     17 | export interface WizardState {
2025-07-23T00:19:06: 
2025-07-23T00:19:06: ERROR in src/hooks/useFieldFocus.ts:50:11
2025-07-23T00:19:06: TS6133: 'successSelector' is declared but its value is never read.
2025-07-23T00:19:06:     48 |       
2025-07-23T00:19:06:     49 |       let fieldElement: HTMLElement | null = null;
2025-07-23T00:19:06:   > 50 |       let successSelector = '';
2025-07-23T00:19:06:        |           ^^^^^^^^^^^^^^^
2025-07-23T00:19:06:     51 |       
2025-07-23T00:19:06:     52 |       // Try each selector until we find the element
2025-07-23T00:19:06:     53 |       for (const selector of selectors) {
2025-07-23T00:19:06: 
2025-07-23T00:19:06: ERROR in src/hooks/useFieldFocus.ts:70:13
2025-07-23T00:19:06: TS2322: Type '"smooth" | "instant"' is not assignable to type 'ScrollBehavior | undefined'.
2025-07-23T00:19:06:   Type '"instant"' is not assignable to type 'ScrollBehavior | undefined'.
2025-07-23T00:19:06:     68 |         try {
2025-07-23T00:19:06:     69 |           fieldElement.scrollIntoView({
2025-07-23T00:19:06:   > 70 |             behavior,
2025-07-23T00:19:06:        |             ^^^^^^^^
2025-07-23T00:19:06:     71 |             block,
2025-07-23T00:19:06:     72 |             inline
2025-07-23T00:19:06:     73 |           });
2025-07-23T00:19:06: 
2025-07-23T00:19:14: ERROR in src/contexts/FormContext.tsx:417:9
2025-07-23T00:19:14: TS6133: 'focusField' is declared but its value is never read.
2025-07-23T00:19:14:     415 |   const onSubmitRef = useRef(onSubmit);
2025-07-23T00:19:14:     416 |   onSubmitRef.current = onSubmit;
2025-07-23T00:19:14:   > 417 |   const { focusField } = useFieldFocus();
2025-07-23T00:19:14:         |         ^^^^^^^^^^^^^^
2025-07-23T00:19:14:     418 |
2025-07-23T00:19:14:     419 |   // Field Management
2025-07-23T00:19:14:     420 |   const setFormFields = useCallback((fields: PageFormFields[]) => {
2025-07-23T00:19:14: 
2025-07-23T00:19:14: ERROR in src/hooks/useFieldFocus.ts:50:11
2025-07-23T00:19:14: TS6133: 'successSelector' is declared but its value is never read.
2025-07-23T00:19:14:     48 |       
2025-07-23T00:19:14:     49 |       let fieldElement: HTMLElement | null = null;
2025-07-23T00:19:14:   > 50 |       let successSelector = '';
2025-07-23T00:19:14:        |           ^^^^^^^^^^^^^^^
2025-07-23T00:19:14:     51 |       
2025-07-23T00:19:14:     52 |       // Try each selector until we find the element
2025-07-23T00:19:14:     53 |       for (const selector of selectors) {
2025-07-23T00:19:14: 
2025-07-23T00:19:14: ERROR in src/hooks/useFieldFocus.ts:70:13
2025-07-23T00:19:14: TS2322: Type '"smooth" | "instant"' is not assignable to type 'ScrollBehavior | undefined'.
2025-07-23T00:19:14:   Type '"instant"' is not assignable to type 'ScrollBehavior | undefined'.
2025-07-23T00:19:14:     68 |         try {
2025-07-23T00:19:14:     69 |           fieldElement.scrollIntoView({
2025-07-23T00:19:14:   > 70 |             behavior,
2025-07-23T00:19:14:        |             ^^^^^^^^
2025-07-23T00:19:14:     71 |             block,
2025-07-23T00:19:14:     72 |             inline
2025-07-23T00:19:14:     73 |           });
2025-07-23T00:19:14: 
2025-07-23T00:19:31: ERROR in src/hooks/useFieldFocus.ts:50:11
2025-07-23T00:19:31: TS6133: 'successSelector' is declared but its value is never read.
2025-07-23T00:19:31:     48 |       
2025-07-23T00:19:31:     49 |       let fieldElement: HTMLElement | null = null;
2025-07-23T00:19:31:   > 50 |       let successSelector = '';
2025-07-23T00:19:31:        |           ^^^^^^^^^^^^^^^
2025-07-23T00:19:31:     51 |       
2025-07-23T00:19:31:     52 |       // Try each selector until we find the element
2025-07-23T00:19:31:     53 |       for (const selector of selectors) {
2025-07-23T00:19:31: 
2025-07-23T00:19:31: ERROR in src/hooks/useFieldFocus.ts:70:13
2025-07-23T00:19:31: TS2322: Type '"smooth" | "instant"' is not assignable to type 'ScrollBehavior | undefined'.
2025-07-23T00:19:31:   Type '"instant"' is not assignable to type 'ScrollBehavior | undefined'.
2025-07-23T00:19:31:     68 |         try {
2025-07-23T00:19:31:     69 |           fieldElement.scrollIntoView({
2025-07-23T00:19:31:   > 70 |             behavior,
2025-07-23T00:19:31:        |             ^^^^^^^^
2025-07-23T00:19:31:     71 |             block,
2025-07-23T00:19:31:     72 |             inline
2025-07-23T00:19:31:     73 |           });
2025-07-23T00:19:31: 
2025-07-23T00:19:43: ERROR in src/contexts/FormContext.tsx:785:9
2025-07-23T00:19:43: TS2739: Type '{ state: FormState; setFormFields: (fields: PageFormFields[]) => void; setFieldValue: (fieldId: string, value: any) => void; getFieldValue: (fieldId: string) => any; ... 27 more ...; handleWizardButtonClick: () => void; }' is missing the following properties from type 'FormContextType': focusFieldById, focusCurrentField
2025-07-23T00:19:43:     783 |   ]);
2025-07-23T00:19:43:     784 |
2025-07-23T00:19:43:   > 785 |   const contextValue: FormContextType = {
2025-07-23T00:19:43:         |         ^^^^^^^^^^^^
2025-07-23T00:19:43:     786 |     state,
2025-07-23T00:19:43:     787 |     setFormFields,
2025-07-23T00:19:43:     788 |     setFieldValue,
2025-07-23T00:19:43: 
2025-07-23T00:19:43: ERROR in src/hooks/useFieldFocus.ts:50:11
2025-07-23T00:19:43: TS6133: 'successSelector' is declared but its value is never read.
2025-07-23T00:19:43:     48 |       
2025-07-23T00:19:43:     49 |       let fieldElement: HTMLElement | null = null;
2025-07-23T00:19:43:   > 50 |       let successSelector = '';
2025-07-23T00:19:43:        |           ^^^^^^^^^^^^^^^
2025-07-23T00:19:43:     51 |       
2025-07-23T00:19:43:     52 |       // Try each selector until we find the element
2025-07-23T00:19:43:     53 |       for (const selector of selectors) {
2025-07-23T00:19:43: 
2025-07-23T00:19:43: ERROR in src/hooks/useFieldFocus.ts:70:13
2025-07-23T00:19:43: TS2322: Type '"smooth" | "instant"' is not assignable to type 'ScrollBehavior | undefined'.
2025-07-23T00:19:43:   Type '"instant"' is not assignable to type 'ScrollBehavior | undefined'.
2025-07-23T00:19:43:     68 |         try {
2025-07-23T00:19:43:     69 |           fieldElement.scrollIntoView({
2025-07-23T00:19:43:   > 70 |             behavior,
2025-07-23T00:19:43:        |             ^^^^^^^^
2025-07-23T00:19:43:     71 |             block,
2025-07-23T00:19:43:     72 |             inline
2025-07-23T00:19:43:     73 |           });
2025-07-23T00:19:43: 
2025-07-23T00:19:52: ERROR in src/contexts/FormContext.tsx:798:9
2025-07-23T00:19:52: TS6133: 'focusCurrentField' is declared but its value is never read.
2025-07-23T00:19:52:     796 |   }, [findFieldById, focusField]);
2025-07-23T00:19:52:     797 |
2025-07-23T00:19:52:   > 798 |   const focusCurrentField = useCallback(() => {
2025-07-23T00:19:52:         |         ^^^^^^^^^^^^^^^^^
2025-07-23T00:19:52:     799 |     if (state.currentFieldId) {
2025-07-23T00:19:52:     800 |       focusFieldById(state.currentFieldId);
2025-07-23T00:19:52:     801 |     }
2025-07-23T00:19:52: 
2025-07-23T00:19:52: ERROR in src/contexts/FormContext.tsx:804:9
2025-07-23T00:19:52: TS2739: Type '{ state: FormState; setFormFields: (fields: PageFormFields[]) => void; setFieldValue: (fieldId: string, value: any) => void; getFieldValue: (fieldId: string) => any; ... 27 more ...; handleWizardButtonClick: () => void; }' is missing the following properties from type 'FormContextType': focusFieldById, focusCurrentField
2025-07-23T00:19:52:     802 |   }, [state.currentFieldId, focusFieldById]);
2025-07-23T00:19:52:     803 |
2025-07-23T00:19:52:   > 804 |   const contextValue: FormContextType = {
2025-07-23T00:19:52:         |         ^^^^^^^^^^^^
2025-07-23T00:19:52:     805 |     state,
2025-07-23T00:19:52:     806 |     setFormFields,
2025-07-23T00:19:52:     807 |     setFieldValue,
2025-07-23T00:19:52: 
2025-07-23T00:19:52: ERROR in src/hooks/useFieldFocus.ts:50:11
2025-07-23T00:19:52: TS6133: 'successSelector' is declared but its value is never read.
2025-07-23T00:19:52:     48 |       
2025-07-23T00:19:52:     49 |       let fieldElement: HTMLElement | null = null;
2025-07-23T00:19:52:   > 50 |       let successSelector = '';
2025-07-23T00:19:52:        |           ^^^^^^^^^^^^^^^
2025-07-23T00:19:52:     51 |       
2025-07-23T00:19:52:     52 |       // Try each selector until we find the element
2025-07-23T00:19:52:     53 |       for (const selector of selectors) {
2025-07-23T00:19:52: 
2025-07-23T00:19:52: ERROR in src/hooks/useFieldFocus.ts:70:13
2025-07-23T00:19:52: TS2322: Type '"smooth" | "instant"' is not assignable to type 'ScrollBehavior | undefined'.
2025-07-23T00:19:52:   Type '"instant"' is not assignable to type 'ScrollBehavior | undefined'.
2025-07-23T00:19:52:     68 |         try {
2025-07-23T00:19:52:     69 |           fieldElement.scrollIntoView({
2025-07-23T00:19:52:   > 70 |             behavior,
2025-07-23T00:19:52:        |             ^^^^^^^^
2025-07-23T00:19:52:     71 |             block,
2025-07-23T00:19:52:     72 |             inline
2025-07-23T00:19:52:     73 |           });
2025-07-23T00:19:52: 
2025-07-23T00:19:59: ERROR in src/hooks/useFieldFocus.ts:50:11
2025-07-23T00:19:59: TS6133: 'successSelector' is declared but its value is never read.
2025-07-23T00:19:59:     48 |       
2025-07-23T00:19:59:     49 |       let fieldElement: HTMLElement | null = null;
2025-07-23T00:19:59:   > 50 |       let successSelector = '';
2025-07-23T00:19:59:        |           ^^^^^^^^^^^^^^^
2025-07-23T00:19:59:     51 |       
2025-07-23T00:19:59:     52 |       // Try each selector until we find the element
2025-07-23T00:19:59:     53 |       for (const selector of selectors) {
2025-07-23T00:19:59: 
2025-07-23T00:19:59: ERROR in src/hooks/useFieldFocus.ts:70:13
2025-07-23T00:19:59: TS2322: Type '"smooth" | "instant"' is not assignable to type 'ScrollBehavior | undefined'.
2025-07-23T00:19:59:   Type '"instant"' is not assignable to type 'ScrollBehavior | undefined'.
2025-07-23T00:19:59:     68 |         try {
2025-07-23T00:19:59:     69 |           fieldElement.scrollIntoView({
2025-07-23T00:19:59:   > 70 |             behavior,
2025-07-23T00:19:59:        |             ^^^^^^^^
2025-07-23T00:19:59:     71 |             block,
2025-07-23T00:19:59:     72 |             inline
2025-07-23T00:19:59:     73 |           });
2025-07-23T00:19:59: 
2025-07-23T00:20:54: ERROR in src/hooks/useFieldFocus.ts:68:13
2025-07-23T00:20:54: TS2322: Type '"smooth" | "instant"' is not assignable to type 'ScrollBehavior | undefined'.
2025-07-23T00:20:54:   Type '"instant"' is not assignable to type 'ScrollBehavior | undefined'.
2025-07-23T00:20:54:     66 |         try {
2025-07-23T00:20:54:     67 |           fieldElement.scrollIntoView({
2025-07-23T00:20:54:   > 68 |             behavior,
2025-07-23T00:20:54:        |             ^^^^^^^^
2025-07-23T00:20:54:     69 |             block,
2025-07-23T00:20:54:     70 |             inline
2025-07-23T00:20:54:     71 |           });
2025-07-23T00:20:54: 
