Error: bind EADDRINUSE 0.0.0.0:7779
    at listenOnPrimaryHandle (node:net:1885:18)
    at rr (node:internal/cluster/child:162:12)
    at Worker.<anonymous> (node:internal/cluster/child:112:7)
    at process.onInternalMessage (node:internal/cluster/utils:49:5)
    at process.emit (node:events:529:35)
    at emit (node:internal/child_process:944:14)
    at process.processTicksAndRejections (node:internal/process/task_queues:83:21)
Error: bind EADDRINUSE 0.0.0.0:7779
    at listenOnPrimaryHandle (node:net:1885:18)
    at rr (node:internal/cluster/child:162:12)
    at Worker.<anonymous> (node:internal/cluster/child:112:7)
    at process.onInternalMessage (node:internal/cluster/utils:49:5)
    at process.emit (node:events:529:35)
    at emit (node:internal/child_process:944:14)
    at process.processTicksAndRejections (node:internal/process/task_queues:83:21)
Error: bind EADDRINUSE 0.0.0.0:7779
    at listenOnPrimaryHandle (node:net:1885:18)
    at rr (node:internal/cluster/child:162:12)
    at Worker.<anonymous> (node:internal/cluster/child:112:7)
    at process.onInternalMessage (node:internal/cluster/utils:49:5)
    at process.emit (node:events:529:35)
    at emit (node:internal/child_process:944:14)
    at process.processTicksAndRejections (node:internal/process/task_queues:83:21)
Error: bind EADDRINUSE 0.0.0.0:7779
    at listenOnPrimaryHandle (node:net:1885:18)
    at rr (node:internal/cluster/child:162:12)
    at Worker.<anonymous> (node:internal/cluster/child:112:7)
    at process.onInternalMessage (node:internal/cluster/utils:49:5)
    at process.emit (node:events:529:35)
    at emit (node:internal/child_process:944:14)
    at process.processTicksAndRejections (node:internal/process/task_queues:83:21)
Error: bind EADDRINUSE 0.0.0.0:7779
    at listenOnPrimaryHandle (node:net:1885:18)
    at rr (node:internal/cluster/child:162:12)
    at Worker.<anonymous> (node:internal/cluster/child:112:7)
    at process.onInternalMessage (node:internal/cluster/utils:49:5)
    at process.emit (node:events:529:35)
    at emit (node:internal/child_process:944:14)
    at process.processTicksAndRejections (node:internal/process/task_queues:83:21)
Error: bind EADDRINUSE 0.0.0.0:7779
    at listenOnPrimaryHandle (node:net:1885:18)
    at rr (node:internal/cluster/child:162:12)
    at Worker.<anonymous> (node:internal/cluster/child:112:7)
    at process.onInternalMessage (node:internal/cluster/utils:49:5)
    at process.emit (node:events:529:35)
    at emit (node:internal/child_process:944:14)
    at process.processTicksAndRejections (node:internal/process/task_queues:83:21)
Error: bind EADDRINUSE 0.0.0.0:7779
    at listenOnPrimaryHandle (node:net:1885:18)
    at rr (node:internal/cluster/child:162:12)
    at Worker.<anonymous> (node:internal/cluster/child:112:7)
    at process.onInternalMessage (node:internal/cluster/utils:49:5)
    at process.emit (node:events:529:35)
    at emit (node:internal/child_process:944:14)
    at process.processTicksAndRejections (node:internal/process/task_queues:83:21)
Error: bind EADDRINUSE 0.0.0.0:7779
    at listenOnPrimaryHandle (node:net:1885:18)
    at rr (node:internal/cluster/child:162:12)
    at Worker.<anonymous> (node:internal/cluster/child:112:7)
    at process.onInternalMessage (node:internal/cluster/utils:49:5)
    at process.emit (node:events:529:35)
    at emit (node:internal/child_process:944:14)
    at process.processTicksAndRejections (node:internal/process/task_queues:83:21)
Error: bind EADDRINUSE 0.0.0.0:7779
    at listenOnPrimaryHandle (node:net:1885:18)
    at rr (node:internal/cluster/child:162:12)
    at Worker.<anonymous> (node:internal/cluster/child:112:7)
    at process.onInternalMessage (node:internal/cluster/utils:49:5)
    at process.emit (node:events:529:35)
    at emit (node:internal/child_process:944:14)
    at process.processTicksAndRejections (node:internal/process/task_queues:83:21)
Error: bind EADDRINUSE 0.0.0.0:7779
    at listenOnPrimaryHandle (node:net:1885:18)
    at rr (node:internal/cluster/child:162:12)
    at Worker.<anonymous> (node:internal/cluster/child:112:7)
    at process.onInternalMessage (node:internal/cluster/utils:49:5)
    at process.emit (node:events:529:35)
    at emit (node:internal/child_process:944:14)
    at process.processTicksAndRejections (node:internal/process/task_queues:83:21)
